<?xml version="1.0" encoding="UTF-8"?>
<!-- Generated by org.testng.reporters.JUnitXMLReporter -->
<testsuite ignored="0" hostname="DESKTOP-NPK11H1" failures="1" tests="5" name="Test" time="165.395" errors="0" timestamp="2023-02-06T10:13:35 EET">
  <testcase classname="com.Bayt.MainTest.MainTest" name="Search" time="29.627">
    <failure type="java.lang.AssertionError" message="The following asserts failed:
	check Search successfully expected [true] but found [false]">
      <![CDATA[java.lang.AssertionError: The following asserts failed:
check Search successfully expected [true] but found [false]
at com.Bayt.MainPageObject.MainPage.SearchJobs(MainPage.java:49)
at com.Bayt.MainTest.MainTest.Search(MainTest.java:31)
at java.base/java.util.ArrayList.forEach(ArrayList.java:1511)
... Removed 27 stack frames]]>
    </failure>
  </testcase> <!-- Search -->
  <testcase classname="com.Bayt.AboutUsTest.AboutUsTest" name="AboutUs" time="6.325"/>
  <testcase classname="com.Bayt.MainTest.LoginTest" name="EasyApply" time="8.133"/>
  <testcase classname="com.Bayt.RegisterandApplyTest.ApplyTest" name="EasyApply" time="81.537"/>
  <testcase classname="com.Bayt.RegisterandApplyTest.CheekEmailRlreadyTest" name="EasyApply" time="12.573"/>
</testsuite> <!-- Test -->
