<?xml version="1.0" encoding="UTF-8"?>
<testng-results ignored="0" total="10" passed="9" failed="1" skipped="0">
  <reporter-output>
  </reporter-output>
  <suite started-at="2023-06-08T16:56:49 EEST" name="Suite" finished-at="2023-06-08T17:03:08 EEST" duration-ms="378702">
    <groups>
    </groups>
    <test started-at="2023-06-08T16:56:49 EEST" name="Test" finished-at="2023-06-08T17:03:08 EEST" duration-ms="378702">
      <class name="com.Bayt.RegisterTest.CheekEmailRlreadyTest">
        <test-method is-config="true" signature="OpenPage()[pri:0, instance:com.Bayt.RegisterTest.CheekEmailRlreadyTest@6f1c29b7]" started-at="2023-06-08T16:57:40 EEST" name="OpenPage" finished-at="2023-06-08T16:57:46 EEST" duration-ms="6198" status="PASS">
          <reporter-output>
          </reporter-output>
        </test-method> <!-- OpenPage -->
        <test-method signature="EasyApply()[pri:0, instance:com.Bayt.RegisterTest.CheekEmailRlreadyTest@6f1c29b7]" started-at="2023-06-08T16:57:46 EEST" name="EasyApply" finished-at="2023-06-08T16:57:55 EEST" duration-ms="8635" status="PASS">
          <reporter-output>
          </reporter-output>
        </test-method> <!-- EasyApply -->
        <test-method is-config="true" signature="Clouser()[pri:0, instance:com.Bayt.RegisterTest.CheekEmailRlreadyTest@6f1c29b7]" started-at="2023-06-08T16:57:55 EEST" name="Clouser" finished-at="2023-06-08T16:57:55 EEST" duration-ms="132" status="PASS">
          <reporter-output>
          </reporter-output>
        </test-method> <!-- Clouser -->
      </class> <!-- com.Bayt.RegisterTest.CheekEmailRlreadyTest -->
      <class name="com.Bayt.RegisterTest.ApplyTest">
        <test-method is-config="true" signature="OpenPage()[pri:0, instance:com.Bayt.RegisterTest.ApplyTest@7f284218]" started-at="2023-06-08T16:58:16 EEST" name="OpenPage" finished-at="2023-06-08T16:58:23 EEST" duration-ms="6426" status="PASS">
          <reporter-output>
          </reporter-output>
        </test-method> <!-- OpenPage -->
        <test-method signature="EasyApply(java.lang.String, java.lang.String)[pri:0, instance:com.Bayt.RegisterTest.ApplyTest@7f284218]" started-at="2023-06-08T16:58:23 EEST" name="EasyApply" data-provider="ApplyPage" finished-at="2023-06-08T16:59:54 EEST" duration-ms="90796" status="PASS">
          <params>
            <param index="0">
              <value>
                <![CDATA[Jordan]]>
              </value>
            </param>
            <param index="1">
              <value>
                <![CDATA[Amman]]>
              </value>
            </param>
          </params>
          <reporter-output>
          </reporter-output>
        </test-method> <!-- EasyApply -->
        <test-method is-config="true" signature="Clouser()[pri:0, instance:com.Bayt.RegisterTest.ApplyTest@7f284218]" started-at="2023-06-08T16:59:54 EEST" name="Clouser" finished-at="2023-06-08T16:59:54 EEST" duration-ms="184" status="PASS">
          <reporter-output>
          </reporter-output>
        </test-method> <!-- Clouser -->
      </class> <!-- com.Bayt.RegisterTest.ApplyTest -->
      <class name="com.Bayt.HomeTest.HowDoesBaytWorkTest">
        <test-method is-config="true" signature="OpenPage()[pri:0, instance:com.Bayt.HomeTest.HowDoesBaytWorkTest@1df8b5b8]" started-at="2023-06-08T16:56:49 EEST" name="OpenPage" finished-at="2023-06-08T16:56:54 EEST" duration-ms="4778" status="PASS">
          <reporter-output>
          </reporter-output>
        </test-method> <!-- OpenPage -->
        <test-method signature="FindJobsTest()[pri:0, instance:com.Bayt.HomeTest.HowDoesBaytWorkTest@1df8b5b8]" started-at="2023-06-08T16:56:54 EEST" name="FindJobsTest" finished-at="2023-06-08T16:57:04 EEST" duration-ms="10499" status="PASS">
          <reporter-output>
          </reporter-output>
        </test-method> <!-- FindJobsTest -->
        <test-method is-config="true" signature="Clouser()[pri:0, instance:com.Bayt.HomeTest.HowDoesBaytWorkTest@1df8b5b8]" started-at="2023-06-08T16:57:04 EEST" name="Clouser" finished-at="2023-06-08T16:57:05 EEST" duration-ms="401" status="PASS">
          <reporter-output>
          </reporter-output>
        </test-method> <!-- Clouser -->
      </class> <!-- com.Bayt.HomeTest.HowDoesBaytWorkTest -->
      <class name="com.Bayt.HomeTest.PeopleWhoFoundJobsTest">
        <test-method is-config="true" signature="OpenPage()[pri:0, instance:com.Bayt.HomeTest.PeopleWhoFoundJobsTest@2a7ed1f]" started-at="2023-06-08T17:02:58 EEST" name="OpenPage" finished-at="2023-06-08T17:03:03 EEST" duration-ms="4559" status="PASS">
          <reporter-output>
          </reporter-output>
        </test-method> <!-- OpenPage -->
        <test-method signature="FindJobsTest()[pri:0, instance:com.Bayt.HomeTest.PeopleWhoFoundJobsTest@2a7ed1f]" started-at="2023-06-08T17:03:03 EEST" name="FindJobsTest" finished-at="2023-06-08T17:03:07 EEST" duration-ms="4623" status="FAIL">
          <exception class="java.lang.AssertionError">
            <message>
              <![CDATA[The following asserts failed:
expected [true] but found [false],
expected [true] but found [false],
expected [true] but found [false],
expected [true] but found [false],
expected [true] but found [false],
expected [true] but found [false],
expected [true] but found [false],
expected [true] but found [false],
expected [true] but found [false],
expected [true] but found [false]]]>
            </message>
            <full-stacktrace>
              <![CDATA[java.lang.AssertionError: The following asserts failed:
expected [true] but found [false],
expected [true] but found [false],
expected [true] but found [false],
expected [true] but found [false],
expected [true] but found [false],
expected [true] but found [false],
expected [true] but found [false],
expected [true] but found [false],
expected [true] but found [false],
expected [true] but found [false]
at org.testng.asserts.SoftAssert.assertAll(SoftAssert.java:47)
at org.testng.asserts.SoftAssert.assertAll(SoftAssert.java:31)
at com.Bayt.HomePageOpject.PeopleWhoFoundJobsPage.slide(PeopleWhoFoundJobsPage.java:40)
at com.Bayt.HomeTest.PeopleWhoFoundJobsTest.FindJobsTest(PeopleWhoFoundJobsTest.java:33)
at java.base/jdk.internal.reflect.DirectMethodHandleAccessor.invoke(DirectMethodHandleAccessor.java:104)
at java.base/java.lang.reflect.Method.invoke(Method.java:578)
at org.testng.internal.MethodInvocationHelper.invokeMethod(MethodInvocationHelper.java:134)
at org.testng.internal.TestInvoker.invokeMethod(TestInvoker.java:597)
at org.testng.internal.TestInvoker.invokeTestMethod(TestInvoker.java:173)
at org.testng.internal.MethodRunner.runInSequence(MethodRunner.java:46)
at org.testng.internal.TestInvoker$MethodInvocationAgent.invoke(TestInvoker.java:816)
at org.testng.internal.TestInvoker.invokeTestMethods(TestInvoker.java:146)
at org.testng.internal.TestMethodWorker.invokeTestMethods(TestMethodWorker.java:146)
at org.testng.internal.TestMethodWorker.run(TestMethodWorker.java:128)
at java.base/java.util.ArrayList.forEach(ArrayList.java:1511)
at org.testng.TestRunner.privateRun(TestRunner.java:766)
at org.testng.TestRunner.run(TestRunner.java:587)
at org.testng.SuiteRunner.runTest(SuiteRunner.java:384)
at org.testng.SuiteRunner.runSequentially(SuiteRunner.java:378)
at org.testng.SuiteRunner.privateRun(SuiteRunner.java:337)
at org.testng.SuiteRunner.run(SuiteRunner.java:286)
at org.testng.SuiteRunnerWorker.runSuite(SuiteRunnerWorker.java:53)
at org.testng.SuiteRunnerWorker.run(SuiteRunnerWorker.java:96)
at org.testng.TestNG.runSuitesSequentially(TestNG.java:1187)
at org.testng.TestNG.runSuitesLocally(TestNG.java:1109)
at org.testng.TestNG.runSuites(TestNG.java:1039)
at org.testng.TestNG.run(TestNG.java:1007)
at org.testng.remote.AbstractRemoteTestNG.run(AbstractRemoteTestNG.java:115)
at org.testng.remote.RemoteTestNG.initAndRun(RemoteTestNG.java:251)
at org.testng.remote.RemoteTestNG.main(RemoteTestNG.java:77)
]]>
            </full-stacktrace>
          </exception> <!-- java.lang.AssertionError -->
          <reporter-output>
          </reporter-output>
        </test-method> <!-- FindJobsTest -->
        <test-method is-config="true" signature="Clouser()[pri:0, instance:com.Bayt.HomeTest.PeopleWhoFoundJobsTest@2a7ed1f]" started-at="2023-06-08T17:03:08 EEST" name="Clouser" finished-at="2023-06-08T17:03:08 EEST" duration-ms="159" status="PASS">
          <reporter-output>
          </reporter-output>
        </test-method> <!-- Clouser -->
      </class> <!-- com.Bayt.HomeTest.PeopleWhoFoundJobsTest -->
      <class name="com.Bayt.FindJopsTest.ExecutiveJobsTest">
        <test-method is-config="true" signature="OpenPage()[pri:0, instance:com.Bayt.FindJopsTest.ExecutiveJobsTest@4d6025c5]" started-at="2023-06-08T16:57:55 EEST" name="OpenPage" finished-at="2023-06-08T16:58:03 EEST" duration-ms="7949" status="PASS">
          <reporter-output>
          </reporter-output>
        </test-method> <!-- OpenPage -->
        <test-method signature="Footer()[pri:0, instance:com.Bayt.FindJopsTest.ExecutiveJobsTest@4d6025c5]" started-at="2023-06-08T16:58:03 EEST" name="Footer" finished-at="2023-06-08T16:58:16 EEST" duration-ms="12496" status="PASS">
          <reporter-output>
          </reporter-output>
        </test-method> <!-- Footer -->
        <test-method is-config="true" signature="Clouser()[pri:0, instance:com.Bayt.FindJopsTest.ExecutiveJobsTest@4d6025c5]" started-at="2023-06-08T16:58:16 EEST" name="Clouser" finished-at="2023-06-08T16:58:16 EEST" duration-ms="178" status="PASS">
          <reporter-output>
          </reporter-output>
        </test-method> <!-- Clouser -->
      </class> <!-- com.Bayt.FindJopsTest.ExecutiveJobsTest -->
      <class name="com.Bayt.LoginTest.LoginTest">
        <test-method is-config="true" signature="OpenPage()[pri:0, instance:com.Bayt.LoginTest.LoginTest@7b993c65]" started-at="2023-06-08T16:57:18 EEST" name="OpenPage" finished-at="2023-06-08T16:57:22 EEST" duration-ms="4515" status="PASS">
          <reporter-output>
          </reporter-output>
        </test-method> <!-- OpenPage -->
        <test-method signature="Logintest()[pri:0, instance:com.Bayt.LoginTest.LoginTest@7b993c65]" started-at="2023-06-08T16:57:22 EEST" name="Logintest" finished-at="2023-06-08T16:57:31 EEST" duration-ms="9253" status="PASS">
          <reporter-output>
          </reporter-output>
        </test-method> <!-- Logintest -->
        <test-method is-config="true" signature="Clouser()[pri:0, instance:com.Bayt.LoginTest.LoginTest@7b993c65]" started-at="2023-06-08T16:57:31 EEST" name="Clouser" finished-at="2023-06-08T16:57:32 EEST" duration-ms="167" status="PASS">
          <reporter-output>
          </reporter-output>
        </test-method> <!-- Clouser -->
      </class> <!-- com.Bayt.LoginTest.LoginTest -->
      <class name="com.Bayt.HomeTest.SearchJobsTest">
        <test-method is-config="true" signature="OpenPage()[pri:0, instance:com.Bayt.HomeTest.SearchJobsTest@37911f88]" started-at="2023-06-08T16:57:32 EEST" name="OpenPage" finished-at="2023-06-08T16:57:37 EEST" duration-ms="5358" status="PASS">
          <reporter-output>
          </reporter-output>
        </test-method> <!-- OpenPage -->
        <test-method signature="SearchJobs()[pri:0, instance:com.Bayt.HomeTest.SearchJobsTest@37911f88]" started-at="2023-06-08T16:57:37 EEST" name="SearchJobs" finished-at="2023-06-08T16:57:40 EEST" duration-ms="2856" status="PASS">
          <reporter-output>
          </reporter-output>
        </test-method> <!-- SearchJobs -->
        <test-method is-config="true" signature="Clouser()[pri:0, instance:com.Bayt.HomeTest.SearchJobsTest@37911f88]" started-at="2023-06-08T16:57:40 EEST" name="Clouser" finished-at="2023-06-08T16:57:40 EEST" duration-ms="391" status="PASS">
          <reporter-output>
          </reporter-output>
        </test-method> <!-- Clouser -->
      </class> <!-- com.Bayt.HomeTest.SearchJobsTest -->
      <class name="com.Bayt.HomeTest.FindJobsinJordanTest">
        <test-method is-config="true" signature="OpenPage()[pri:0, instance:com.Bayt.HomeTest.FindJobsinJordanTest@23202fce]" started-at="2023-06-08T16:57:05 EEST" name="OpenPage" finished-at="2023-06-08T16:57:10 EEST" duration-ms="5187" status="PASS">
          <reporter-output>
          </reporter-output>
        </test-method> <!-- OpenPage -->
        <test-method signature="FindJobsTest()[pri:0, instance:com.Bayt.HomeTest.FindJobsinJordanTest@23202fce]" started-at="2023-06-08T16:57:10 EEST" name="FindJobsTest" finished-at="2023-06-08T16:57:17 EEST" duration-ms="7342" status="PASS">
          <reporter-output>
          </reporter-output>
        </test-method> <!-- FindJobsTest -->
        <test-method is-config="true" signature="Clouser()[pri:0, instance:com.Bayt.HomeTest.FindJobsinJordanTest@23202fce]" started-at="2023-06-08T16:57:17 EEST" name="Clouser" finished-at="2023-06-08T16:57:18 EEST" duration-ms="254" status="PASS">
          <reporter-output>
          </reporter-output>
        </test-method> <!-- Clouser -->
      </class> <!-- com.Bayt.HomeTest.FindJobsinJordanTest -->
      <class name="com.Bayt.HomeTest.FooterTest">
        <test-method is-config="true" signature="OpenPage()[pri:0, instance:com.Bayt.HomeTest.FooterTest@407a7f2a]" started-at="2023-06-08T16:59:54 EEST" name="OpenPage" finished-at="2023-06-08T17:00:00 EEST" duration-ms="6191" status="PASS">
          <reporter-output>
          </reporter-output>
        </test-method> <!-- OpenPage -->
        <test-method signature="Footer()[pri:0, instance:com.Bayt.HomeTest.FooterTest@407a7f2a]" started-at="2023-06-08T17:00:00 EEST" name="Footer" finished-at="2023-06-08T17:02:24 EEST" duration-ms="143602" status="PASS">
          <reporter-output>
          </reporter-output>
        </test-method> <!-- Footer -->
        <test-method is-config="true" signature="Clouser()[pri:0, instance:com.Bayt.HomeTest.FooterTest@407a7f2a]" started-at="2023-06-08T17:02:24 EEST" name="Clouser" finished-at="2023-06-08T17:02:24 EEST" duration-ms="388" status="PASS">
          <reporter-output>
          </reporter-output>
        </test-method> <!-- Clouser -->
      </class> <!-- com.Bayt.HomeTest.FooterTest -->
      <class name="com.Bayt.HomeTest.HomeHeaderAsGestTest">
        <test-method is-config="true" signature="OpenPage()[pri:0, instance:com.Bayt.HomeTest.HomeHeaderAsGestTest@4ea5b703]" started-at="2023-06-08T17:02:24 EEST" name="OpenPage" finished-at="2023-06-08T17:02:29 EEST" duration-ms="4899" status="PASS">
          <reporter-output>
          </reporter-output>
        </test-method> <!-- OpenPage -->
        <test-method signature="HeaderLinks()[pri:0, instance:com.Bayt.HomeTest.HomeHeaderAsGestTest@4ea5b703]" started-at="2023-06-08T17:02:29 EEST" name="HeaderLinks" finished-at="2023-06-08T17:02:58 EEST" duration-ms="29172" status="PASS">
          <reporter-output>
          </reporter-output>
        </test-method> <!-- HeaderLinks -->
        <test-method is-config="true" signature="Clouser()[pri:0, instance:com.Bayt.HomeTest.HomeHeaderAsGestTest@4ea5b703]" started-at="2023-06-08T17:02:58 EEST" name="Clouser" finished-at="2023-06-08T17:02:58 EEST" duration-ms="239" status="PASS">
          <reporter-output>
          </reporter-output>
        </test-method> <!-- Clouser -->
      </class> <!-- com.Bayt.HomeTest.HomeHeaderAsGestTest -->
    </test> <!-- Test -->
  </suite> <!-- Suite -->
</testng-results>
